<?xml version="1.0" encoding="UTF-8"?>
<TestRun id="39634343-ce12-42c0-bd08-9815362d9bc2" name="user@USER-PC 2015-06-23 17:22:15" runUser="user-PC\user" xmlns="http://microsoft.com/schemas/VisualStudio/TeamTest/2010">
  <TestSettings name="Local" id="656f7c0d-6a9a-4eb6-a5d7-87b00b60ab11">
    <Description>These are default test settings for a local test run.</Description>
    <Deployment enabled="false" runDeploymentRoot="user_USER-PC 2015-06-23 17_22_15">
      <DeploymentItem filename="D:\gitroot\app\network-csharp\NetWork\NetWork\bin\Debug\NetWork.dll" />
    </Deployment>
    <Execution>
      <TestTypeSpecific />
      <AgentRule name="Execution Agents">
      </AgentRule>
    </Execution>
  </TestSettings>
  <Times creation="2015-06-23T17:22:15.1796943+08:00" queuing="2015-06-23T17:22:15.1906949+08:00" start="2015-06-23T17:22:15.1936951+08:00" finish="2015-06-23T17:22:15.5737168+08:00" />
  <ResultSummary outcome="Failed">
    <Counters total="2" executed="2" passed="1" error="0" failed="1" timeout="0" aborted="0" inconclusive="0" passedButRunAborted="0" notRunnable="0" notExecuted="0" disconnected="0" warning="0" completed="0" inProgress="0" pending="0" />
  </ResultSummary>
  <TestDefinitions>
    <UnitTest name="TestMethodDeque" storage="d:\gitroot\app\network-csharp\network\networktest\bin\debug\networktest.dll" id="996c8e35-d37d-02ca-8a7e-0bf6125f3595">
      <Execution id="1b8f19f5-fa92-4db9-804f-587c04f81cfb" />
      <TestMethod codeBase="D:/gitroot/app/network-csharp/NetWork/NetWorkTest/bin/Debug/NetWorkTest.DLL" adapterTypeName="Microsoft.VisualStudio.TestTools.TestTypes.Unit.UnitTestAdapter, Microsoft.VisualStudio.QualityTools.Tips.UnitTest.Adapter, Version=10.0.0.0, Culture=neutral, PublicKeyToken=b03f5f7f11d50a3a" className="NetWorkTest.SafeCircleList, NetWorkTest, Version=1.0.0.0, Culture=neutral, PublicKeyToken=null" name="TestMethodDeque" />
    </UnitTest>
    <UnitTest name="TestMethodEnQueue" storage="d:\gitroot\app\network-csharp\network\networktest\bin\debug\networktest.dll" id="fab55317-d5d5-e680-8218-2bd55847f74e">
      <Execution id="8407d488-e5a2-4ec6-9b20-a9fed25dd3c8" />
      <TestMethod codeBase="D:/gitroot/app/network-csharp/NetWork/NetWorkTest/bin/Debug/NetWorkTest.DLL" adapterTypeName="Microsoft.VisualStudio.TestTools.TestTypes.Unit.UnitTestAdapter, Microsoft.VisualStudio.QualityTools.Tips.UnitTest.Adapter, Version=10.0.0.0, Culture=neutral, PublicKeyToken=b03f5f7f11d50a3a" className="NetWorkTest.SafeCircleList, NetWorkTest, Version=1.0.0.0, Culture=neutral, PublicKeyToken=null" name="TestMethodEnQueue" />
    </UnitTest>
  </TestDefinitions>
  <TestLists>
    <TestList name="Results Not in a List" id="8c84fa94-04c1-424b-9868-57a2d4851a1d" />
    <TestList name="All Loaded Results" id="19431567-8539-422a-85d7-44ee4e166bda" />
  </TestLists>
  <TestEntries>
    <TestEntry testId="996c8e35-d37d-02ca-8a7e-0bf6125f3595" executionId="1b8f19f5-fa92-4db9-804f-587c04f81cfb" testListId="8c84fa94-04c1-424b-9868-57a2d4851a1d" />
    <TestEntry testId="fab55317-d5d5-e680-8218-2bd55847f74e" executionId="8407d488-e5a2-4ec6-9b20-a9fed25dd3c8" testListId="8c84fa94-04c1-424b-9868-57a2d4851a1d" />
  </TestEntries>
  <Results>
    <UnitTestResult executionId="1b8f19f5-fa92-4db9-804f-587c04f81cfb" testId="996c8e35-d37d-02ca-8a7e-0bf6125f3595" testName="TestMethodDeque" computerName="USER-PC" duration="00:00:00.0296172" startTime="2015-06-23T17:22:15.1946951+08:00" endTime="2015-06-23T17:22:15.5587159+08:00" testType="13cdc9d9-ddb5-4fa4-a97d-d965ccfc6d4b" outcome="Failed" testListId="8c84fa94-04c1-424b-9868-57a2d4851a1d" relativeResultsDirectory="1b8f19f5-fa92-4db9-804f-587c04f81cfb">
      <Output>
        <ErrorInfo>
          <Message>Assert.AreEqual failed. Expected:&lt;2&gt;. Actual:&lt;0&gt;. </Message>
          <StackTrace>   at NetWorkTest.SafeCircleList.TestMethodDeque() in D:\gitroot\app\network-csharp\NetWork\NetWorkTest\SafeCircleList.cs:line 48
</StackTrace>
        </ErrorInfo>
      </Output>
    </UnitTestResult>
    <UnitTestResult executionId="8407d488-e5a2-4ec6-9b20-a9fed25dd3c8" testId="fab55317-d5d5-e680-8218-2bd55847f74e" testName="TestMethodEnQueue" computerName="USER-PC" duration="00:00:00.0002576" startTime="2015-06-23T17:22:15.5597160+08:00" endTime="2015-06-23T17:22:15.5647163+08:00" testType="13cdc9d9-ddb5-4fa4-a97d-d965ccfc6d4b" outcome="Passed" testListId="8c84fa94-04c1-424b-9868-57a2d4851a1d" relativeResultsDirectory="8407d488-e5a2-4ec6-9b20-a9fed25dd3c8">
    </UnitTestResult>
  </Results>
</TestRun>