<?xml version="1.0" encoding="UTF-8"?>
<TestRun id="a6cf0697-cc2f-4e6f-a6d1-15f92f95dc91" name="user@USER-PC 2015-06-23 17:23:27" runUser="user-PC\user" xmlns="http://microsoft.com/schemas/VisualStudio/TeamTest/2010">
  <TestSettings name="Local" id="656f7c0d-6a9a-4eb6-a5d7-87b00b60ab11">
    <Description>These are default test settings for a local test run.</Description>
    <Deployment enabled="false" runDeploymentRoot="user_USER-PC 2015-06-23 17_23_27">
      <DeploymentItem filename="D:\gitroot\app\network-csharp\NetWork\NetWork\bin\Debug\NetWork.dll" />
    </Deployment>
    <Execution>
      <TestTypeSpecific />
      <AgentRule name="Execution Agents">
      </AgentRule>
    </Execution>
  </TestSettings>
  <Times creation="2015-06-23T17:23:27.1248093+08:00" queuing="2015-06-23T17:23:27.1358099+08:00" start="2015-06-23T17:23:27.1388101+08:00" finish="2015-06-23T17:23:27.5168317+08:00" />
  <ResultSummary outcome="Completed">
    <Counters total="1" executed="1" passed="1" error="0" failed="0" timeout="0" aborted="0" inconclusive="0" passedButRunAborted="0" notRunnable="0" notExecuted="0" disconnected="0" warning="0" completed="0" inProgress="0" pending="0" />
  </ResultSummary>
  <TestDefinitions>
    <UnitTest name="TestMethodDeque" storage="d:\gitroot\app\network-csharp\network\networktest\bin\debug\networktest.dll" id="996c8e35-d37d-02ca-8a7e-0bf6125f3595">
      <Execution id="d1e00f82-068e-4f17-bf2e-e4e34729e1e6" />
      <TestMethod codeBase="D:/gitroot/app/network-csharp/NetWork/NetWorkTest/bin/Debug/NetWorkTest.DLL" adapterTypeName="Microsoft.VisualStudio.TestTools.TestTypes.Unit.UnitTestAdapter, Microsoft.VisualStudio.QualityTools.Tips.UnitTest.Adapter, Version=10.0.0.0, Culture=neutral, PublicKeyToken=b03f5f7f11d50a3a" className="NetWorkTest.SafeCircleList, NetWorkTest, Version=1.0.0.0, Culture=neutral, PublicKeyToken=null" name="TestMethodDeque" />
    </UnitTest>
  </TestDefinitions>
  <TestLists>
    <TestList name="Results Not in a List" id="8c84fa94-04c1-424b-9868-57a2d4851a1d" />
    <TestList name="All Loaded Results" id="19431567-8539-422a-85d7-44ee4e166bda" />
  </TestLists>
  <TestEntries>
    <TestEntry testId="996c8e35-d37d-02ca-8a7e-0bf6125f3595" executionId="d1e00f82-068e-4f17-bf2e-e4e34729e1e6" testListId="8c84fa94-04c1-424b-9868-57a2d4851a1d" />
  </TestEntries>
  <Results>
    <UnitTestResult executionId="d1e00f82-068e-4f17-bf2e-e4e34729e1e6" testId="996c8e35-d37d-02ca-8a7e-0bf6125f3595" testName="TestMethodDeque" computerName="USER-PC" duration="00:00:00.0100439" startTime="2015-06-23T17:23:27.1628115+08:00" endTime="2015-06-23T17:23:27.5068311+08:00" testType="13cdc9d9-ddb5-4fa4-a97d-d965ccfc6d4b" outcome="Passed" testListId="8c84fa94-04c1-424b-9868-57a2d4851a1d" relativeResultsDirectory="d1e00f82-068e-4f17-bf2e-e4e34729e1e6">
    </UnitTestResult>
  </Results>
</TestRun>