<?xml version="1.0" encoding="UTF-8"?>
<TestRun id="94403781-5187-42ff-9dca-eaf041c60411" name="user@USER-PC 2015-06-23 17:27:27" runUser="user-PC\user" xmlns="http://microsoft.com/schemas/VisualStudio/TeamTest/2010">
  <TestSettings name="Local" id="656f7c0d-6a9a-4eb6-a5d7-87b00b60ab11">
    <Description>These are default test settings for a local test run.</Description>
    <Deployment enabled="false" runDeploymentRoot="user_USER-PC 2015-06-23 17_27_27">
      <DeploymentItem filename="D:\gitroot\app\network-csharp\NetWork\NetWork\bin\Debug\NetWork.dll" />
    </Deployment>
    <Execution>
      <TestTypeSpecific />
      <AgentRule name="Execution Agents">
      </AgentRule>
    </Execution>
  </TestSettings>
  <Times creation="2015-06-23T17:27:27.1305368+08:00" queuing="2015-06-23T17:27:27.1395373+08:00" start="2015-06-23T17:27:27.1435376+08:00" finish="2015-06-23T17:27:27.5065583+08:00" />
  <ResultSummary outcome="Completed">
    <Counters total="3" executed="3" passed="3" error="0" failed="0" timeout="0" aborted="0" inconclusive="0" passedButRunAborted="0" notRunnable="0" notExecuted="0" disconnected="0" warning="0" completed="0" inProgress="0" pending="0" />
  </ResultSummary>
  <TestDefinitions>
    <UnitTest name="TestMethodEnQueue" storage="d:\gitroot\app\network-csharp\network\networktest\bin\debug\networktest.dll" id="fab55317-d5d5-e680-8218-2bd55847f74e">
      <Execution id="c766993b-51da-47dc-919f-3144bbe0cdc9" />
      <TestMethod codeBase="D:/gitroot/app/network-csharp/NetWork/NetWorkTest/bin/Debug/NetWorkTest.DLL" adapterTypeName="Microsoft.VisualStudio.TestTools.TestTypes.Unit.UnitTestAdapter, Microsoft.VisualStudio.QualityTools.Tips.UnitTest.Adapter, Version=10.0.0.0, Culture=neutral, PublicKeyToken=b03f5f7f11d50a3a" className="NetWorkTest.SafeCircleList, NetWorkTest, Version=1.0.0.0, Culture=neutral, PublicKeyToken=null" name="TestMethodEnQueue" />
    </UnitTest>
    <UnitTest name="TestMethodDeque" storage="d:\gitroot\app\network-csharp\network\networktest\bin\debug\networktest.dll" id="996c8e35-d37d-02ca-8a7e-0bf6125f3595">
      <Execution id="84d6d7db-527c-4de2-90f4-7850b2ce45c1" />
      <TestMethod codeBase="D:/gitroot/app/network-csharp/NetWork/NetWorkTest/bin/Debug/NetWorkTest.DLL" adapterTypeName="Microsoft.VisualStudio.TestTools.TestTypes.Unit.UnitTestAdapter, Microsoft.VisualStudio.QualityTools.Tips.UnitTest.Adapter, Version=10.0.0.0, Culture=neutral, PublicKeyToken=b03f5f7f11d50a3a" className="NetWorkTest.SafeCircleList, NetWorkTest, Version=1.0.0.0, Culture=neutral, PublicKeyToken=null" name="TestMethodDeque" />
    </UnitTest>
    <UnitTest name="TestMethodDequeEnqueMix" storage="d:\gitroot\app\network-csharp\network\networktest\bin\debug\networktest.dll" id="6b53417c-c0a9-d91a-503a-3fe062ed94ed">
      <Execution id="11dc01e5-c0a9-416c-a39c-a6f067f229a4" />
      <TestMethod codeBase="D:/gitroot/app/network-csharp/NetWork/NetWorkTest/bin/Debug/NetWorkTest.DLL" adapterTypeName="Microsoft.VisualStudio.TestTools.TestTypes.Unit.UnitTestAdapter, Microsoft.VisualStudio.QualityTools.Tips.UnitTest.Adapter, Version=10.0.0.0, Culture=neutral, PublicKeyToken=b03f5f7f11d50a3a" className="NetWorkTest.SafeCircleList, NetWorkTest, Version=1.0.0.0, Culture=neutral, PublicKeyToken=null" name="TestMethodDequeEnqueMix" />
    </UnitTest>
  </TestDefinitions>
  <TestLists>
    <TestList name="Results Not in a List" id="8c84fa94-04c1-424b-9868-57a2d4851a1d" />
    <TestList name="All Loaded Results" id="19431567-8539-422a-85d7-44ee4e166bda" />
  </TestLists>
  <TestEntries>
    <TestEntry testId="6b53417c-c0a9-d91a-503a-3fe062ed94ed" executionId="11dc01e5-c0a9-416c-a39c-a6f067f229a4" testListId="8c84fa94-04c1-424b-9868-57a2d4851a1d" />
    <TestEntry testId="996c8e35-d37d-02ca-8a7e-0bf6125f3595" executionId="84d6d7db-527c-4de2-90f4-7850b2ce45c1" testListId="8c84fa94-04c1-424b-9868-57a2d4851a1d" />
    <TestEntry testId="fab55317-d5d5-e680-8218-2bd55847f74e" executionId="c766993b-51da-47dc-919f-3144bbe0cdc9" testListId="8c84fa94-04c1-424b-9868-57a2d4851a1d" />
  </TestEntries>
  <Results>
    <UnitTestResult executionId="11dc01e5-c0a9-416c-a39c-a6f067f229a4" testId="6b53417c-c0a9-d91a-503a-3fe062ed94ed" testName="TestMethodDequeEnqueMix" computerName="USER-PC" duration="00:00:00.0101020" startTime="2015-06-23T17:27:27.1455377+08:00" endTime="2015-06-23T17:27:27.4895574+08:00" testType="13cdc9d9-ddb5-4fa4-a97d-d965ccfc6d4b" outcome="Passed" testListId="8c84fa94-04c1-424b-9868-57a2d4851a1d" relativeResultsDirectory="11dc01e5-c0a9-416c-a39c-a6f067f229a4">
    </UnitTestResult>
    <UnitTestResult executionId="84d6d7db-527c-4de2-90f4-7850b2ce45c1" testId="996c8e35-d37d-02ca-8a7e-0bf6125f3595" testName="TestMethodDeque" computerName="USER-PC" duration="00:00:00.0002337" startTime="2015-06-23T17:27:27.4905574+08:00" endTime="2015-06-23T17:27:27.4945576+08:00" testType="13cdc9d9-ddb5-4fa4-a97d-d965ccfc6d4b" outcome="Passed" testListId="8c84fa94-04c1-424b-9868-57a2d4851a1d" relativeResultsDirectory="84d6d7db-527c-4de2-90f4-7850b2ce45c1">
    </UnitTestResult>
    <UnitTestResult executionId="c766993b-51da-47dc-919f-3144bbe0cdc9" testId="fab55317-d5d5-e680-8218-2bd55847f74e" testName="TestMethodEnQueue" computerName="USER-PC" duration="00:00:00.0001949" startTime="2015-06-23T17:27:27.4955577+08:00" endTime="2015-06-23T17:27:27.4985579+08:00" testType="13cdc9d9-ddb5-4fa4-a97d-d965ccfc6d4b" outcome="Passed" testListId="8c84fa94-04c1-424b-9868-57a2d4851a1d" relativeResultsDirectory="c766993b-51da-47dc-919f-3144bbe0cdc9">
    </UnitTestResult>
  </Results>
</TestRun>