<?xml version="1.0" encoding="UTF-8"?>
<TestRun id="56bb9aae-13dc-4092-9809-1a0fd0733fc2" name="user@USER-PC 2015-06-23 17:18:10" runUser="user-PC\user" xmlns="http://microsoft.com/schemas/VisualStudio/TeamTest/2010">
  <TestSettings name="Local" id="656f7c0d-6a9a-4eb6-a5d7-87b00b60ab11">
    <Description>These are default test settings for a local test run.</Description>
    <Deployment enabled="false" runDeploymentRoot="user_USER-PC 2015-06-23 17_18_10">
      <DeploymentItem filename="D:\gitroot\app\network-csharp\NetWork\NetWork\bin\Debug\NetWork.dll" />
    </Deployment>
    <Execution>
      <TestTypeSpecific />
      <AgentRule name="Execution Agents">
      </AgentRule>
    </Execution>
  </TestSettings>
  <Times creation="2015-06-23T17:18:10.3386902+08:00" queuing="2015-06-23T17:18:11.7717721+08:00" start="2015-06-23T17:18:11.8507766+08:00" finish="2015-06-23T17:18:12.7038254+08:00" />
  <ResultSummary outcome="Failed">
    <Counters total="1" executed="1" error="0" failed="1" timeout="0" aborted="0" inconclusive="0" passedButRunAborted="0" notRunnable="0" notExecuted="0" disconnected="0" warning="0" passed="0" completed="0" inProgress="0" pending="0" />
  </ResultSummary>
  <TestDefinitions>
    <UnitTest name="TestMethodEnQueue" storage="d:\gitroot\app\network-csharp\network\networktest\bin\debug\networktest.dll" id="fab55317-d5d5-e680-8218-2bd55847f74e">
      <Execution id="e295073b-efd1-4138-bcdd-70bdac923bf0" />
      <TestMethod codeBase="D:/gitroot/app/network-csharp/NetWork/NetWorkTest/bin/Debug/NetWorkTest.DLL" adapterTypeName="Microsoft.VisualStudio.TestTools.TestTypes.Unit.UnitTestAdapter, Microsoft.VisualStudio.QualityTools.Tips.UnitTest.Adapter, Version=10.0.0.0, Culture=neutral, PublicKeyToken=b03f5f7f11d50a3a" className="NetWorkTest.SafeCircleList, NetWorkTest, Version=1.0.0.0, Culture=neutral, PublicKeyToken=null" name="TestMethodEnQueue" />
    </UnitTest>
  </TestDefinitions>
  <TestLists>
    <TestList name="Results Not in a List" id="8c84fa94-04c1-424b-9868-57a2d4851a1d" />
    <TestList name="All Loaded Results" id="19431567-8539-422a-85d7-44ee4e166bda" />
  </TestLists>
  <TestEntries>
    <TestEntry testId="fab55317-d5d5-e680-8218-2bd55847f74e" executionId="e295073b-efd1-4138-bcdd-70bdac923bf0" testListId="8c84fa94-04c1-424b-9868-57a2d4851a1d" />
  </TestEntries>
  <Results>
    <UnitTestResult executionId="e295073b-efd1-4138-bcdd-70bdac923bf0" testId="fab55317-d5d5-e680-8218-2bd55847f74e" testName="TestMethodEnQueue" computerName="USER-PC" duration="00:00:00.0917164" startTime="2015-06-23T17:18:11.8847786+08:00" endTime="2015-06-23T17:18:12.6538226+08:00" testType="13cdc9d9-ddb5-4fa4-a97d-d965ccfc6d4b" outcome="Failed" testListId="8c84fa94-04c1-424b-9868-57a2d4851a1d" relativeResultsDirectory="e295073b-efd1-4138-bcdd-70bdac923bf0">
      <Output>
        <ErrorInfo>
          <Message>Assert.AreEqual failed. Expected:&lt;0&gt;. Actual:&lt;2&gt;. </Message>
          <StackTrace>   at NetWorkTest.SafeCircleList.TestMethodEnQueue() in D:\gitroot\app\network-csharp\NetWork\NetWorkTest\SafeCircleList.cs:line 18
</StackTrace>
        </ErrorInfo>
      </Output>
    </UnitTestResult>
  </Results>
</TestRun>